[debug] [2021-04-17T15:58:13.519Z] ----------------------------------------------------------------------
[debug] [2021-04-17T15:58:13.536Z] Command:       C:\Program Files\nodejs\node.exe C:\Program Files\nodejs\node_modules\firebase-tools\lib\bin\firebase.js login
[debug] [2021-04-17T15:58:13.539Z] CLI Version:   9.10.0
[debug] [2021-04-17T15:58:13.540Z] Platform:      win32
[debug] [2021-04-17T15:58:13.540Z] Node Version:  v14.5.0
[debug] [2021-04-17T15:58:13.549Z] Time:          Sat Apr 17 2021 11:58:13 GMT-0400 (Eastern Daylight Time)
[debug] [2021-04-17T15:58:13.551Z] ----------------------------------------------------------------------
[debug] 
[debug] [2021-04-17T15:58:13.577Z] >>> [apiv2][query] GET https://firebase-public.firebaseio.com/cli.json [none]
[info] i  Firebase optionally collects CLI usage and error reporting information to help improve our products. Data is collected in accordance with Google's privacy policy (https://policies.google.com/privacy) and is not used to identify you.
 
[debug] [2021-04-17T15:58:43.184Z] ----------------------------------------------------------------------
[debug] [2021-04-17T15:58:43.188Z] Command:       C:\Program Files\nodejs\node.exe C:\Program Files\nodejs\node_modules\firebase-tools\lib\bin\firebase.js login
[debug] [2021-04-17T15:58:43.189Z] CLI Version:   9.10.0
[debug] [2021-04-17T15:58:43.189Z] Platform:      win32
[debug] [2021-04-17T15:58:43.189Z] Node Version:  v14.5.0
[debug] [2021-04-17T15:58:43.191Z] Time:          Sat Apr 17 2021 11:58:43 GMT-0400 (Eastern Daylight Time)
[debug] [2021-04-17T15:58:43.191Z] ----------------------------------------------------------------------
[debug] 
[debug] [2021-04-17T15:58:43.193Z] >>> [apiv2][query] GET https://firebase-public.firebaseio.com/cli.json [none]
[info] i  Firebase optionally collects CLI usage and error reporting information to help improve our products. Data is collected in accordance with Google's privacy policy (https://policies.google.com/privacy) and is not used to identify you.
 
